<?xml version="1.0" encoding="UTF-8"?>
<!-- Generated by org.testng.reporters.JUnitXMLReporter -->
<testsuite hostname="IN-PG02H7X8" ignored="0" name="Default test" tests="6" failures="1" timestamp="2022-03-22T10:48:32 IST" time="242.001" errors="0">
  <testcase name="runScenario" time="54.969" classname="io.cucumber.testng.AbstractTestNGCucumberTests"/>
  <testcase name="runScenario" time="36.815" classname="io.cucumber.testng.AbstractTestNGCucumberTests">
    <failure type="java.lang.AssertionError" message="expected [App/Action Bar/Display Option] but found [App/Action Bar/Display Options]">
      <![CDATA[java.lang.AssertionError: expected [App/Action Bar/Display Option] but found [App/Action Bar/Display Options]
at org.testng.Assert.fail(Assert.java:99)
at org.testng.Assert.failNotEquals(Assert.java:1037)
at org.testng.Assert.assertEqualsImpl(Assert.java:140)
at org.testng.Assert.assertEquals(Assert.java:122)
at org.testng.Assert.assertEquals(Assert.java:629)
at org.testng.Assert.assertEquals(Assert.java:639)
at StepDefination.DisplayTitleSteps.user_able_to_see_the_title(DisplayTitleSteps.java:42)
at âœ½.user able to see the title "App/Action Bar/Display Option"(file:///C:/Users/sounakroy/eclipse-workspace/ExittestAssignment/src/test/java/Feature/Displaytitle.feature:9)
]]>
    </failure>
  </testcase> <!-- runScenario -->
  <testcase name="runScenario" time="33.955" classname="io.cucumber.testng.AbstractTestNGCucumberTests"/>
  <testcase name="runScenario" time="35.746" classname="io.cucumber.testng.AbstractTestNGCucumberTests"/>
  <testcase name="runScenario" time="37.823" classname="io.cucumber.testng.AbstractTestNGCucumberTests"/>
  <testcase name="runScenario" time="33.607" classname="io.cucumber.testng.AbstractTestNGCucumberTests"/>
</testsuite> <!-- Default test -->
