<?xml version="1.0" encoding="UTF-8"?>
<testng-results skipped="0" failed="1" ignored="0" total="5" passed="4">
  <reporter-output>
  </reporter-output>
  <suite name="Default suite" duration-ms="179231" started-at="2022-03-17T12:01:51 IST" finished-at="2022-03-17T12:04:50 IST">
    <groups>
      <group name="cucumber">
        <method signature="AbstractTestNGCucumberTests.runScenario(io.cucumber.testng.PickleWrapper, io.cucumber.testng.FeatureWrapper)[pri:0, instance:Runner.TestRunner@31f924f5]" name="runScenario" class="io.cucumber.testng.AbstractTestNGCucumberTests"/>
      </group> <!-- cucumber -->
    </groups>
    <test name="Default test" duration-ms="179231" started-at="2022-03-17T12:01:51 IST" finished-at="2022-03-17T12:04:50 IST">
      <class name="Runner.TestRunner">
        <test-method status="PASS" signature="setUpClass()[pri:0, instance:Runner.TestRunner@31f924f5]" name="setUpClass" is-config="true" duration-ms="2342" started-at="2022-03-17T12:01:51 IST" finished-at="2022-03-17T12:01:54 IST">
          <reporter-output>
          </reporter-output>
        </test-method> <!-- setUpClass -->
        <test-method status="PASS" signature="runScenario(io.cucumber.testng.PickleWrapper, io.cucumber.testng.FeatureWrapper)[pri:0, instance:Runner.TestRunner@31f924f5]" name="runScenario" duration-ms="30716" started-at="2022-03-17T12:01:54 IST" description="Runs Cucumber Scenarios" data-provider="scenarios" finished-at="2022-03-17T12:02:24 IST">
          <params>
            <param index="0">
              <value>
                <![CDATA["Verify Add button"]]>
              </value>
            </param>
            <param index="1">
              <value>
                <![CDATA["Optional[Check Add button Functionality]"]]>
              </value>
            </param>
          </params>
          <reporter-output>
          </reporter-output>
        </test-method> <!-- runScenario -->
        <test-method status="FAIL" signature="runScenario(io.cucumber.testng.PickleWrapper, io.cucumber.testng.FeatureWrapper)[pri:0, instance:Runner.TestRunner@31f924f5]" name="runScenario" duration-ms="36743" started-at="2022-03-17T12:02:24 IST" description="Runs Cucumber Scenarios" data-provider="scenarios" finished-at="2022-03-17T12:03:01 IST">
          <params>
            <param index="0">
              <value>
                <![CDATA["Verify Display Title"]]>
              </value>
            </param>
            <param index="1">
              <value>
                <![CDATA["Optional[Check Display Title button Functionality]"]]>
              </value>
            </param>
          </params>
          <exception class="java.lang.AssertionError">
            <message>
              <![CDATA[expected [App/Action Bar/Display Option] but found [App/Action Bar/Display Options]]]>
            </message>
            <full-stacktrace>
              <![CDATA[java.lang.AssertionError: expected [App/Action Bar/Display Option] but found [App/Action Bar/Display Options]
at org.testng.Assert.fail(Assert.java:99)
at org.testng.Assert.failNotEquals(Assert.java:1037)
at org.testng.Assert.assertEqualsImpl(Assert.java:140)
at org.testng.Assert.assertEquals(Assert.java:122)
at org.testng.Assert.assertEquals(Assert.java:629)
at org.testng.Assert.assertEquals(Assert.java:639)
at StepDefination.DisplayTitleSteps.user_able_to_see_the_title(DisplayTitleSteps.java:42)
at âœ½.user able to see the title "App/Action Bar/Display Option"(file:///C:/Users/sounakroy/eclipse-workspace/ExittestAssignment/src/test/java/Feature/Displaytitle.feature:9)
]]>
            </full-stacktrace>
          </exception> <!-- java.lang.AssertionError -->
          <reporter-output>
          </reporter-output>
        </test-method> <!-- runScenario -->
        <test-method status="PASS" signature="runScenario(io.cucumber.testng.PickleWrapper, io.cucumber.testng.FeatureWrapper)[pri:0, instance:Runner.TestRunner@31f924f5]" name="runScenario" duration-ms="33248" started-at="2022-03-17T12:03:01 IST" description="Runs Cucumber Scenarios" data-provider="scenarios" finished-at="2022-03-17T12:03:34 IST">
          <params>
            <param index="0">
              <value>
                <![CDATA["Verify Hide button"]]>
              </value>
            </param>
            <param index="1">
              <value>
                <![CDATA["Optional[Check Hidebuttn]"]]>
              </value>
            </param>
          </params>
          <reporter-output>
          </reporter-output>
        </test-method> <!-- runScenario -->
        <test-method status="PASS" signature="runScenario(io.cucumber.testng.PickleWrapper, io.cucumber.testng.FeatureWrapper)[pri:0, instance:Runner.TestRunner@31f924f5]" name="runScenario" duration-ms="37127" started-at="2022-03-17T12:03:34 IST" description="Runs Cucumber Scenarios" data-provider="scenarios" finished-at="2022-03-17T12:04:11 IST">
          <params>
            <param index="0">
              <value>
                <![CDATA["Verify Image Viewer button"]]>
              </value>
            </param>
            <param index="1">
              <value>
                <![CDATA["Optional[Check Imageviewer]"]]>
              </value>
            </param>
          </params>
          <reporter-output>
          </reporter-output>
        </test-method> <!-- runScenario -->
        <test-method status="PASS" signature="runScenario(io.cucumber.testng.PickleWrapper, io.cucumber.testng.FeatureWrapper)[pri:0, instance:Runner.TestRunner@31f924f5]" name="runScenario" duration-ms="33671" started-at="2022-03-17T12:04:11 IST" description="Runs Cucumber Scenarios" data-provider="scenarios" finished-at="2022-03-17T12:04:45 IST">
          <params>
            <param index="0">
              <value>
                <![CDATA["Verify Show button"]]>
              </value>
            </param>
            <param index="1">
              <value>
                <![CDATA["Optional[Check Showbutton]"]]>
              </value>
            </param>
          </params>
          <reporter-output>
          </reporter-output>
        </test-method> <!-- runScenario -->
        <test-method status="PASS" signature="tearDownClass()[pri:0, instance:Runner.TestRunner@31f924f5]" name="tearDownClass" is-config="true" duration-ms="5272" started-at="2022-03-17T12:04:45 IST" finished-at="2022-03-17T12:04:50 IST">
          <reporter-output>
          </reporter-output>
        </test-method> <!-- tearDownClass -->
      </class> <!-- Runner.TestRunner -->
    </test> <!-- Default test -->
  </suite> <!-- Default suite -->
</testng-results>
